<?xml version="1.0" encoding="UTF-8"?>
<!-- Generated by org.testng.reporters.JUnitXMLReporter -->
<testsuite ignored="0" hostname="Jatin" failures="0" tests="2" name="Surefire test" time="44.357" errors="0" timestamp="04 May 2019 15:16:04 GMT">
  <testcase classname="com.demo.nopcommerce.webpages.LoginTest" name="loginShouldFailAndErrorMessageShouldAppearWhenLoginIsInvalid" time="4.531"/>
  <testcase classname="com.demo.nopcommerce.webpages.LoginTest" name="userShouldLoginSuccessfully" time="1.484"/>
</testsuite> <!-- Surefire test -->
