<?xml version="1.0" encoding="UTF-8"?>
<testng-results ignored="0" total="1" passed="1" failed="0" skipped="0">
  <reporter-output>
  </reporter-output>
  <suite started-at="2019-05-04T15:16:05Z" name="Surefire suite" finished-at="2019-05-04T15:16:05Z" duration-ms="140">
    <groups>
    </groups>
    <test started-at="2019-05-04T15:16:05Z" name="Surefire test" finished-at="2019-05-04T15:16:05Z" duration-ms="140">
      <class name="com.demo.nopcommerce.AppTest">
        <test-method signature="shouldAnswerWithTrue()" started-at="2019-05-04T15:16:05Z" name="shouldAnswerWithTrue" finished-at="2019-05-04T15:16:05Z" duration-ms="15" status="PASS">
          <reporter-output>
          </reporter-output>
        </test-method> <!-- shouldAnswerWithTrue -->
      </class> <!-- com.demo.nopcommerce.AppTest -->
    </test> <!-- Surefire test -->
  </suite> <!-- Surefire suite -->
</testng-results>
